TN:
SF:client\src\App.jsx
FN:15,(anonymous_0)
FNF:1
FNH:0
FNDA:0,(anonymous_0)
DA:13,0
DA:15,0
DA:16,0
LF:3
LH:0
BRF:0
BRH:0
end_of_record
TN:
SF:client\src\components\BugCard.jsx
FN:22,(anonymous_0)
FN:82,(anonymous_1)
FN:89,(anonymous_2)
FNF:3
FNH:3
FNDA:13,(anonymous_0)
FNDA:1,(anonymous_1)
FNDA:1,(anonymous_2)
DA:8,2
DA:15,2
DA:22,2
DA:23,13
DA:25,13
DA:82,1
DA:89,1
LF:7
LH:7
BRDA:37,0,0,13
BRDA:37,0,1,12
BRDA:69,1,0,13
BRDA:69,1,1,10
BRF:4
BRH:4
end_of_record
TN:
SF:client\src\components\BugForm.jsx
FN:21,(anonymous_0)
FN:36,(anonymous_1)
FN:38,(anonymous_2)
FN:52,(anonymous_3)
FN:102,(anonymous_4)
FN:121,(anonymous_5)
FN:140,(anonymous_6)
FNF:7
FNH:4
FNDA:6,(anonymous_0)
FNDA:6,(anonymous_1)
FNDA:21,(anonymous_2)
FNDA:2,(anonymous_3)
FNDA:0,(anonymous_4)
FNDA:0,(anonymous_5)
FNDA:0,(anonymous_6)
DA:13,1
DA:21,1
DA:22,6
DA:24,6
DA:36,6
DA:37,6
DA:38,3
DA:39,21
DA:42,3
DA:52,6
DA:53,2
DA:54,2
DA:55,2
DA:56,2
DA:57,2
DA:59,0
DA:61,2
DA:65,6
DA:102,0
DA:121,0
DA:140,0
LF:21
LH:17
BRDA:21,0,0,0
BRDA:37,1,0,3
BRDA:37,1,1,3
BRDA:69,2,0,3
BRDA:69,2,1,3
BRDA:81,3,0,6
BRDA:81,3,1,0
BRDA:158,4,0,2
BRDA:158,4,1,4
BRDA:161,5,0,1
BRDA:161,5,1,1
BRDA:164,6,0,2
BRDA:164,6,1,2
BRF:13
BRH:11
end_of_record
TN:
SF:client\src\components\ErrorBoundary.jsx
FN:6,(anonymous_0)
FN:11,(anonymous_1)
FN:15,(anonymous_2)
FN:19,(anonymous_3)
FN:23,(anonymous_4)
FN:43,(anonymous_5)
FNF:6
FNH:0
FNDA:0,(anonymous_0)
FNDA:0,(anonymous_1)
FNDA:0,(anonymous_2)
FNDA:0,(anonymous_3)
FNDA:0,(anonymous_4)
FNDA:0,(anonymous_5)
DA:7,0
DA:8,0
DA:12,0
DA:16,0
DA:19,0
DA:20,0
DA:24,0
DA:25,0
DA:26,0
DA:29,0
DA:43,0
DA:52,0
LF:12
LH:0
BRDA:24,0,0,0
BRDA:24,0,1,0
BRDA:25,1,0,0
BRDA:25,1,1,0
BRDA:37,2,0,0
BRDA:37,2,1,0
BRF:6
BRH:0
end_of_record
TN:
SF:client\src\components\FilterBar.jsx
FN:6,(anonymous_0)
FN:23,(anonymous_1)
FNF:2
FNH:2
FNDA:16,(anonymous_0)
FNDA:2,(anonymous_1)
DA:6,2
DA:16,16
DA:23,2
LF:3
LH:3
BRF:0
BRH:0
end_of_record
TN:
SF:client\src\components\ProtectedRoute.jsx
FN:5,(anonymous_0)
FNF:1
FNH:1
FNDA:8,(anonymous_0)
DA:5,1
DA:6,8
DA:8,8
DA:9,3
DA:16,5
DA:17,3
DA:20,2
LF:7
LH:7
BRDA:8,0,0,3
BRDA:8,0,1,5
BRDA:16,1,0,3
BRDA:16,1,1,2
BRF:4
BRH:4
end_of_record
TN:
SF:client\src\contexts\AuthContext.jsx
FN:6,(anonymous_0)
FN:12,(anonymous_1)
FN:22,(anonymous_2)
FN:24,(anonymous_3)
FN:32,(anonymous_4)
FN:34,(anonymous_5)
FN:42,(anonymous_6)
FN:56,(anonymous_7)
FNF:8
FNH:6
FNDA:19,(anonymous_0)
FNDA:8,(anonymous_1)
FNDA:2,(anonymous_2)
FNDA:2,(anonymous_3)
FNDA:0,(anonymous_4)
FNDA:0,(anonymous_5)
FNDA:1,(anonymous_6)
FNDA:13,(anonymous_7)
DA:4,2
DA:6,2
DA:7,19
DA:8,19
DA:9,19
DA:10,19
DA:12,19
DA:14,8
DA:15,8
DA:16,5
DA:17,5
DA:19,8
DA:22,19
DA:24,2
DA:26,2
DA:27,2
DA:28,2
DA:29,2
DA:32,19
DA:34,0
DA:36,0
DA:37,0
DA:38,0
DA:39,0
DA:42,19
DA:43,1
DA:44,1
DA:45,1
DA:46,1
DA:49,19
DA:56,2
DA:57,13
DA:58,13
DA:59,0
DA:61,13
LF:35
LH:29
BRDA:15,0,0,5
BRDA:15,0,1,3
BRDA:58,1,0,0
BRDA:58,1,1,13
BRF:4
BRH:3
end_of_record
TN:
SF:client\src\hooks\use-mobile.jsx
FN:5,useIsMobile
FN:8,(anonymous_1)
FN:10,(anonymous_2)
FN:15,(anonymous_3)
FNF:4
FNH:0
FNDA:0,useIsMobile
FNDA:0,(anonymous_1)
FNDA:0,(anonymous_2)
FNDA:0,(anonymous_3)
DA:3,0
DA:6,0
DA:8,0
DA:9,0
DA:10,0
DA:11,0
DA:13,0
DA:14,0
DA:15,0
DA:18,0
LF:10
LH:0
BRF:0
BRH:0
end_of_record
TN:
SF:client\src\hooks\use-toast.js
FN:15,genId
FN:22,(anonymous_1)
FN:27,(anonymous_2)
FN:38,(anonymous_3)
FN:49,(anonymous_4)
FN:60,(anonymous_5)
FN:67,(anonymous_6)
FN:86,(anonymous_7)
FN:95,dispatch
FN:97,(anonymous_9)
FN:102,toast
FN:105,(anonymous_11)
FN:110,(anonymous_12)
FN:118,(anonymous_13)
FN:131,useToast
FN:134,(anonymous_15)
FN:136,(anonymous_16)
FN:147,(anonymous_17)
FNF:18
FNH:0
FNDA:0,genId
FNDA:0,(anonymous_1)
FNDA:0,(anonymous_2)
FNDA:0,(anonymous_3)
FNDA:0,(anonymous_4)
FNDA:0,(anonymous_5)
FNDA:0,(anonymous_6)
FNDA:0,(anonymous_7)
FNDA:0,dispatch
FNDA:0,(anonymous_9)
FNDA:0,toast
FNDA:0,(anonymous_11)
FNDA:0,(anonymous_12)
FNDA:0,(anonymous_13)
FNDA:0,useToast
FNDA:0,(anonymous_15)
FNDA:0,(anonymous_16)
FNDA:0,(anonymous_17)
DA:3,0
DA:4,0
DA:6,0
DA:13,0
DA:16,0
DA:17,0
DA:20,0
DA:22,0
DA:23,0
DA:24,0
DA:27,0
DA:28,0
DA:29,0
DA:35,0
DA:38,0
DA:39,0
DA:41,0
DA:47,0
DA:49,0
DA:53,0
DA:57,0
DA:58,0
DA:60,0
DA:61,0
DA:65,0
DA:68,0
DA:78,0
DA:79,0
DA:84,0
DA:86,0
DA:91,0
DA:93,0
DA:96,0
DA:97,0
DA:98,0
DA:103,0
DA:105,0
DA:106,0
DA:110,0
DA:112,0
DA:119,0
DA:124,0
DA:132,0
DA:134,0
DA:135,0
DA:136,0
DA:137,0
DA:138,0
DA:139,0
DA:144,0
DA:147,0
LF:51
LH:0
BRDA:23,0,0,0
BRDA:23,0,1,0
BRDA:39,1,0,0
BRDA:39,1,1,0
BRDA:39,1,2,0
BRDA:39,1,3,0
BRDA:49,2,0,0
BRDA:49,2,1,0
BRDA:57,3,0,0
BRDA:57,3,1,0
BRDA:68,4,0,0
BRDA:68,4,1,0
BRDA:68,5,0,0
BRDA:68,5,1,0
BRDA:78,6,0,0
BRDA:78,6,1,0
BRDA:119,7,0,0
BRDA:119,7,1,0
BRDA:138,8,0,0
BRDA:138,8,1,0
BRF:20
BRH:0
end_of_record
TN:
SF:client\src\integrations\supabase\client.js
FN:7,(anonymous_0)
FN:8,(anonymous_1)
FNF:2
FNH:0
FNDA:0,(anonymous_0)
FNDA:0,(anonymous_1)
DA:3,0
DA:6,0
DA:7,0
DA:8,0
DA:11,0
DA:35,0
DA:43,0
DA:44,0
LF:8
LH:0
BRDA:3,0,0,0
BRDA:3,0,1,0
BRF:2
BRH:0
end_of_record
TN:
SF:client\src\integrations\supabase\types.js
FNF:0
FNH:0
DA:2,0
DA:3,0
DA:4,0
DA:6,0
LF:4
LH:0
BRF:0
BRH:0
end_of_record
TN:
SF:client\src\lib\utils.js
FN:4,cn
FNF:1
FNH:0
FNDA:0,cn
DA:5,0
LF:1
LH:0
BRF:0
BRH:0
end_of_record
TN:
SF:client\src\pages\Auth.jsx
FN:17,(anonymous_0)
FN:27,(anonymous_1)
FN:35,(anonymous_2)
FN:102,(anonymous_3)
FN:115,(anonymous_4)
FN:128,(anonymous_5)
FN:150,(anonymous_6)
FNF:7
FNH:0
FNDA:0,(anonymous_0)
FNDA:0,(anonymous_1)
FNDA:0,(anonymous_2)
FNDA:0,(anonymous_3)
FNDA:0,(anonymous_4)
FNDA:0,(anonymous_5)
FNDA:0,(anonymous_6)
DA:11,0
DA:17,0
DA:18,0
DA:19,0
DA:20,0
DA:21,0
DA:22,0
DA:23,0
DA:24,0
DA:25,0
DA:27,0
DA:28,0
DA:29,0
DA:33,0
DA:35,0
DA:36,0
DA:37,0
DA:39,0
DA:40,0
DA:46,0
DA:47,0
DA:48,0
DA:52,0
DA:54,0
DA:55,0
DA:59,0
DA:62,0
DA:63,0
DA:69,0
DA:76,0
DA:80,0
DA:102,0
DA:115,0
DA:128,0
DA:150,0
LF:35
LH:0
BRDA:28,0,0,0
BRDA:28,0,1,0
BRDA:43,1,0,0
BRDA:43,1,1,0
BRDA:46,2,0,0
BRDA:46,2,1,0
BRDA:62,3,0,0
BRDA:62,3,1,0
BRDA:71,4,0,0
BRDA:71,4,1,0
BRDA:89,5,0,0
BRDA:89,5,1,0
BRDA:95,6,0,0
BRDA:95,6,1,0
BRDA:136,7,0,0
BRDA:136,7,1,0
BRDA:139,8,0,0
BRDA:139,8,1,0
BRDA:142,9,0,0
BRDA:142,9,1,0
BRDA:154,10,0,0
BRDA:154,10,1,0
BRF:22
BRH:0
end_of_record
TN:
SF:client\src\pages\Dashboard.jsx
FN:14,(anonymous_0)
FN:32,(anonymous_1)
FN:51,(anonymous_2)
FN:61,(anonymous_3)
FN:65,(anonymous_4)
FN:75,(anonymous_5)
FN:85,(anonymous_6)
FN:89,(anonymous_7)
FN:99,(anonymous_8)
FN:103,(anonymous_9)
FN:107,(anonymous_10)
FN:116,(anonymous_11)
FN:120,(anonymous_12)
FN:127,(anonymous_13)
FN:128,(anonymous_14)
FN:135,(anonymous_15)
FN:175,(anonymous_16)
FN:210,(anonymous_17)
FN:224,(anonymous_18)
FN:224,(anonymous_19)
FN:234,(anonymous_20)
FN:234,(anonymous_21)
FN:248,(anonymous_22)
FNF:23
FNH:0
FNDA:0,(anonymous_0)
FNDA:0,(anonymous_1)
FNDA:0,(anonymous_2)
FNDA:0,(anonymous_3)
FNDA:0,(anonymous_4)
FNDA:0,(anonymous_5)
FNDA:0,(anonymous_6)
FNDA:0,(anonymous_7)
FNDA:0,(anonymous_8)
FNDA:0,(anonymous_9)
FNDA:0,(anonymous_10)
FNDA:0,(anonymous_11)
FNDA:0,(anonymous_12)
FNDA:0,(anonymous_13)
FNDA:0,(anonymous_14)
FNDA:0,(anonymous_15)
FNDA:0,(anonymous_16)
FNDA:0,(anonymous_17)
FNDA:0,(anonymous_18)
FNDA:0,(anonymous_19)
FNDA:0,(anonymous_20)
FNDA:0,(anonymous_21)
FNDA:0,(anonymous_22)
DA:11,0
DA:14,0
DA:15,0
DA:16,0
DA:17,0
DA:19,0
DA:20,0
DA:21,0
DA:24,0
DA:25,0
DA:26,0
DA:27,0
DA:30,0
DA:33,0
DA:42,0
DA:43,0
DA:45,0
DA:46,0
DA:50,0
DA:52,0
DA:58,0
DA:59,0
DA:62,0
DA:63,0
DA:66,0
DA:74,0
DA:76,0
DA:82,0
DA:83,0
DA:86,0
DA:87,0
DA:90,0
DA:98,0
DA:100,0
DA:101,0
DA:104,0
DA:105,0
DA:108,0
DA:116,0
DA:117,0
DA:120,0
DA:121,0
DA:122,0
DA:123,0
DA:127,0
DA:128,0
DA:129,0
DA:130,0
DA:131,0
DA:135,0
DA:136,0
DA:137,0
DA:141,0
DA:143,0
DA:175,0
DA:211,0
DA:224,0
DA:234,0
DA:249,0
DA:250,0
LF:60
LH:0
BRDA:36,0,0,0
BRDA:36,0,1,0
BRDA:37,1,0,0
BRDA:37,1,1,0
BRDA:38,2,0,0
BRDA:38,2,1,0
BRDA:39,3,0,0
BRDA:39,3,1,0
BRDA:43,4,0,0
BRDA:43,4,1,0
BRDA:58,5,0,0
BRDA:58,5,1,0
BRDA:68,6,0,0
BRDA:68,6,1,0
BRDA:82,7,0,0
BRDA:82,7,1,0
BRDA:92,8,0,0
BRDA:92,8,1,0
BRDA:101,9,0,0
BRDA:101,9,1,0
BRDA:110,10,0,0
BRDA:110,10,1,0
BRDA:121,11,0,0
BRDA:121,11,1,0
BRDA:129,12,0,0
BRDA:129,12,1,0
BRDA:136,13,0,0
BRDA:136,13,1,0
BRDA:141,14,0,0
BRDA:141,14,1,0
BRDA:172,15,0,0
BRDA:172,15,1,0
BRDA:193,16,0,0
BRDA:193,16,1,0
BRDA:197,17,0,0
BRDA:197,17,1,0
BRDA:197,18,0,0
BRDA:197,18,1,0
BRDA:202,19,0,0
BRDA:202,19,1,0
BRDA:202,20,0,0
BRDA:202,20,1,0
BRDA:202,20,2,0
BRDA:202,20,3,0
BRDA:220,21,0,0
BRDA:220,21,1,0
BRDA:252,22,0,0
BRDA:252,22,1,0
BRDA:253,23,0,0
BRDA:253,23,1,0
BRF:50
BRH:0
end_of_record
TN:
SF:client\src\pages\NotFound.jsx
FN:4,(anonymous_0)
FN:7,(anonymous_1)
FNF:2
FNH:0
FNDA:0,(anonymous_0)
FNDA:0,(anonymous_1)
DA:4,0
DA:5,0
DA:7,0
DA:8,0
DA:11,0
LF:5
LH:0
BRF:0
BRH:0
end_of_record
TN:
SF:server\index.js
FN:18,(anonymous_0)
FN:49,(anonymous_1)
FN:71,(anonymous_2)
FN:99,(anonymous_3)
FN:118,(anonymous_4)
FN:122,(anonymous_5)
FNF:6
FNH:0
FNDA:0,(anonymous_0)
FNDA:0,(anonymous_1)
FNDA:0,(anonymous_2)
FNDA:0,(anonymous_3)
FNDA:0,(anonymous_4)
FNDA:0,(anonymous_5)
DA:7,0
DA:8,0
DA:10,0
DA:11,0
DA:14,0
DA:15,0
DA:18,0
DA:19,0
DA:20,0
DA:21,0
DA:23,0
DA:25,0
DA:26,0
DA:27,0
DA:28,0
DA:29,0
DA:35,0
DA:40,0
DA:42,0
DA:44,0
DA:45,0
DA:49,0
DA:50,0
DA:51,0
DA:53,0
DA:62,0
DA:64,0
DA:66,0
DA:67,0
DA:71,0
DA:72,0
DA:73,0
DA:75,0
DA:88,0
DA:89,0
DA:92,0
DA:94,0
DA:95,0
DA:99,0
DA:100,0
DA:101,0
DA:103,0
DA:104,0
DA:107,0
DA:109,0
DA:110,0
DA:115,0
DA:118,0
DA:119,0
DA:122,0
DA:123,0
LF:51
LH:0
BRDA:11,0,0,0
BRDA:11,0,1,0
BRDA:20,1,0,0
BRDA:20,2,0,0
BRDA:25,3,0,0
BRDA:25,3,1,0
BRDA:25,4,0,0
BRDA:25,4,1,0
BRDA:26,5,0,0
BRDA:26,5,1,0
BRDA:26,6,0,0
BRDA:26,6,1,0
BRDA:27,7,0,0
BRDA:27,7,1,0
BRDA:27,8,0,0
BRDA:27,8,1,0
BRDA:28,9,0,0
BRDA:28,9,1,0
BRDA:56,10,0,0
BRDA:56,10,1,0
BRDA:57,11,0,0
BRDA:57,11,1,0
BRDA:58,12,0,0
BRDA:58,12,1,0
BRDA:88,13,0,0
BRDA:88,13,1,0
BRDA:103,14,0,0
BRDA:103,14,1,0
BRF:28
BRH:0
end_of_record
TN:
SF:server\models.js
FN:7,(anonymous_0)
FN:8,(anonymous_1)
FNF:2
FNH:0
FNDA:0,(anonymous_0)
FNDA:0,(anonymous_1)
DA:3,0
DA:6,0
DA:7,0
DA:8,0
DA:11,0
DA:35,0
DA:43,0
DA:44,0
LF:8
LH:0
BRDA:3,0,0,0
BRDA:3,0,1,0
BRF:2
BRH:0
end_of_record
